<?xml version="1.0" encoding="UTF-8"?>
<!-- Generated by org.testng.reporters.JUnitReportReporter -->
<testsuite hostname="DESKTOP-PME6MC6" failures="0" tests="8" name="com.java.TestNGTest.InnovationCountTest" time="0.074" errors="0" timestamp="2022-05-12T09:59:31 IST" skipped="0">
  <testcase classname="com.java.TestNGTest.InnovationCountTest" name="amazon" time="0.027"/>
  <system-out/>
  <testcase classname="com.java.TestNGTest.InnovationCountTest" name="Yahoo" time="0.009"/>
  <system-out/>
  <testcase classname="com.java.TestNGTest.InnovationCountTest" name="Yahoo" time="0.005"/>
  <system-out/>
  <testcase classname="com.java.TestNGTest.InnovationCountTest" name="Yahoo" time="0.005"/>
  <system-out/>
  <testcase classname="com.java.TestNGTest.InnovationCountTest" name="Yahoo" time="0.014"/>
  <system-out/>
  <testcase classname="com.java.TestNGTest.InnovationCountTest" name="Yahoo" time="0.008"/>
  <system-out/>
  <testcase classname="com.java.TestNGTest.InnovationCountTest" name="google" time="0.002"/>
  <system-out/>
  <testcase classname="com.java.TestNGTest.InnovationCountTest" name="bing" time="0.004"/>
  <system-out/>
</testsuite> <!-- com.java.TestNGTest.InnovationCountTest -->
