<?xml version="1.0" encoding="UTF-8"?>
<!-- Generated by org.testng.reporters.JUnitReportReporter -->
<testsuite hostname="DESKTOP-PME6MC6" failures="0" tests="3" name="com.java.TestNGTest.PrioritySetTest" time="8.966" errors="0" timestamp="2022-05-12T08:59:30 IST" skipped="0">
  <testcase classname="com.java.TestNGTest.PrioritySetTest" name="Yahoo" time="3.955"/>
  <system-out/>
  <testcase classname="com.java.TestNGTest.PrioritySetTest" name="google" time="3.341"/>
  <system-out/>
  <testcase classname="com.java.TestNGTest.PrioritySetTest" name="bing" time="1.670"/>
  <system-out/>
</testsuite> <!-- com.java.TestNGTest.PrioritySetTest -->
