<?xml version="1.0" encoding="UTF-8"?>
<!-- Generated by org.testng.reporters.JUnitReportReporter -->
<testsuite hostname="DESKTOP-PME6MC6" failures="0" tests="1" name="com.java.TestNGTest.TimeOutHandlingTest" time="3.049" errors="0" timestamp="2022-05-12T10:07:44 IST" skipped="0">
  <testcase classname="com.java.TestNGTest.TimeOutHandlingTest" name="Yahoo" time="3.049"/>
  <system-out/>
</testsuite> <!-- com.java.TestNGTest.TimeOutHandlingTest -->
