<?xml version="1.0" encoding="UTF-8"?>
<!-- Generated by org.testng.reporters.JUnitReportReporter -->
<testsuite hostname="DESKTOP-PME6MC6" failures="0" tests="4" name="com.java.TestNGTest.ExceptedExceptionTest" time="0.062" errors="0" timestamp="2022-06-10T10:17:04 IST" skipped="0">
  <testcase classname="com.java.TestNGTest.ExceptedExceptionTest" name="amazon" time="0.041"/>
  <system-out/>
  <testcase classname="com.java.TestNGTest.ExceptedExceptionTest" name="Yahoo" time="0.004"/>
  <system-out/>
  <testcase classname="com.java.TestNGTest.ExceptedExceptionTest" name="google" time="0.005"/>
  <system-out/>
  <testcase classname="com.java.TestNGTest.ExceptedExceptionTest" name="bing" time="0.012"/>
  <system-out/>
</testsuite> <!-- com.java.TestNGTest.ExceptedExceptionTest -->
