<?xml version="1.0" encoding="UTF-8"?>
<!-- Generated by org.testng.reporters.JUnitReportReporter -->
<testsuite hostname="DESKTOP-PME6MC6" failures="0" tests="2" name="com.java.TestNG.GroupingTest.GroupingTest" time="0.045" errors="0" timestamp="2022-05-18T09:49:11 IST" skipped="0">
  <testcase classname="com.java.TestNG.GroupingTest.GroupingTest" name="login" time="0.034"/>
  <system-out/>
  <testcase classname="com.java.TestNG.GroupingTest.GroupingTest" name="reg" time="0.011"/>
  <system-out/>
</testsuite> <!-- com.java.TestNG.GroupingTest.GroupingTest -->
