<?xml version="1.0" encoding="UTF-8"?>
<!-- Generated by org.testng.reporters.JUnitReportReporter -->
<testsuite hostname="DESKTOP-PME6MC6" failures="0" tests="4" name="com.java.TestNGTest.DependsOnMethodsTest" time="28.324" errors="0" timestamp="2022-05-18T08:32:28 IST" skipped="0">
  <testcase classname="com.java.TestNGTest.DependsOnMethodsTest" name="amazon" time="6.794"/>
  <system-out/>
  <testcase classname="com.java.TestNGTest.DependsOnMethodsTest" name="Yahoo" time="10.126"/>
  <system-out/>
  <testcase classname="com.java.TestNGTest.DependsOnMethodsTest" name="google" time="8.186"/>
  <system-out/>
  <testcase classname="com.java.TestNGTest.DependsOnMethodsTest" name="bing" time="3.218"/>
  <system-out/>
</testsuite> <!-- com.java.TestNGTest.DependsOnMethodsTest -->
