<?xml version="1.0" encoding="UTF-8"?>
<!-- Generated by org.testng.reporters.JUnitReportReporter -->
<testsuite hostname="DESKTOP-PME6MC6" failures="0" tests="3" name="com.java.TestNG.DataProvider.DataProviderTest2" time="22.102" errors="0" timestamp="2022-05-17T09:34:25 IST" skipped="0">
  <testcase classname="com.java.TestNG.DataProvider.DataProviderTest2" name="testStart" time="3.682"/>
  <system-out/>
  <testcase classname="com.java.TestNG.DataProvider.DataProviderTest2" name="testStart" time="2.732"/>
  <system-out/>
  <testcase classname="com.java.TestNG.DataProvider.DataProviderTest2" name="testStart" time="15.688"/>
  <system-out/>
</testsuite> <!-- com.java.TestNG.DataProvider.DataProviderTest2 -->
