<?xml version="1.0" encoding="UTF-8"?>
<!-- Generated by org.testng.reporters.JUnitReportReporter -->
<testsuite hostname="DESKTOP-PME6MC6" failures="0" tests="4" name="com.java.TestNGTest.SkipTestCaseTest" time="21.947" errors="0" timestamp="2022-05-12T09:34:29 IST" skipped="1">
  <testcase classname="com.java.TestNGTest.SkipTestCaseTest" name="amazon" time="4.841"/>
  <system-out/>
  <testcase classname="com.java.TestNGTest.SkipTestCaseTest" name="Yahoo" time="12.143"/>
  <system-out/>
  <testcase classname="com.java.TestNGTest.SkipTestCaseTest" name="bing" time="4.963"/>
  <system-out/>
  <testcase classname="com.java.TestNGTest.SkipTestCaseTest" name="google">
    <skipped/>
  </testcase> <!-- google -->
  <system-out/>
</testsuite> <!-- com.java.TestNGTest.SkipTestCaseTest -->
