<?xml version="1.0" encoding="UTF-8"?>
<!-- Generated by org.testng.reporters.JUnitReportReporter -->
<testsuite hostname="DESKTOP-PME6MC6" failures="0" tests="4" name="com.java.TestNG.DataProvider.DataProviderTest" time="15.716" errors="0" timestamp="2022-05-18T08:19:48 IST" skipped="0">
  <testcase classname="com.java.TestNG.DataProvider.DataProviderTest" name="testStart" time="2.893"/>
  <system-out/>
  <testcase classname="com.java.TestNG.DataProvider.DataProviderTest" name="testStart" time="2.296"/>
  <system-out/>
  <testcase classname="com.java.TestNG.DataProvider.DataProviderTest" name="testStart" time="6.059"/>
  <system-out/>
  <testcase classname="com.java.TestNG.DataProvider.DataProviderTest" name="testStarted" time="4.468"/>
  <system-out/>
</testsuite> <!-- com.java.TestNG.DataProvider.DataProviderTest -->
