<?xml version="1.0" encoding="UTF-8"?>
<!-- Generated by org.testng.reporters.JUnitReportReporter -->
<testsuite hostname="DESKTOP-PME6MC6" failures="0" tests="3" name="com.java.TestNG.DataProvider.DataProviderSameDataClassTest" time="9.205" errors="0" timestamp="2022-05-18T08:19:48 IST" skipped="0">
  <testcase classname="com.java.TestNG.DataProvider.DataProviderSameDataClassTest" name="testStart" time="1.518"/>
  <system-out/>
  <testcase classname="com.java.TestNG.DataProvider.DataProviderSameDataClassTest" name="testStart" time="3.455"/>
  <system-out/>
  <testcase classname="com.java.TestNG.DataProvider.DataProviderSameDataClassTest" name="testStart" time="4.232"/>
  <system-out/>
</testsuite> <!-- com.java.TestNG.DataProvider.DataProviderSameDataClassTest -->
