<?xml version="1.0" encoding="UTF-8"?>
<!-- Generated by org.testng.reporters.JUnitReportReporter -->
<testsuite hostname="DESKTOP-PME6MC6" failures="0" tests="1" name="com.java.TestNG.ParametersTest.ParameterTest" time="15.480" errors="0" timestamp="2022-05-16T10:01:59 IST" skipped="0">
  <testcase classname="com.java.TestNG.ParametersTest.ParameterTest" name="google" time="15.480"/>
  <system-out/>
</testsuite> <!-- com.java.TestNG.ParametersTest.ParameterTest -->
