<?xml version="1.0" encoding="UTF-8"?>
<!-- Generated by org.testng.reporters.JUnitReportReporter -->
<testsuite hostname="DESKTOP-PME6MC6" failures="0" tests="4" name="com.java.TestNGTest.ScreenshotAfterTestExecutionTest" time="38.922" errors="0" timestamp="2022-05-12T10:11:32 IST" skipped="0">
  <testcase classname="com.java.TestNGTest.ScreenshotAfterTestExecutionTest" name="amazon" time="17.807"/>
  <system-out/>
  <testcase classname="com.java.TestNGTest.ScreenshotAfterTestExecutionTest" name="Yahoo" time="12.563"/>
  <system-out/>
  <testcase classname="com.java.TestNGTest.ScreenshotAfterTestExecutionTest" name="google" time="6.352"/>
  <system-out/>
  <testcase classname="com.java.TestNGTest.ScreenshotAfterTestExecutionTest" name="bing" time="2.200"/>
  <system-out/>
</testsuite> <!-- com.java.TestNGTest.ScreenshotAfterTestExecutionTest -->
