<?xml version="1.0" encoding="UTF-8"?>
<!-- Generated by org.testng.reporters.JUnitReportReporter -->
<testsuite hostname="DESKTOP-PME6MC6" failures="0" tests="1" name="com.java.listenersTest.ListenerTest" time="0.030" errors="0" timestamp="2022-05-16T09:43:26 IST" skipped="0">
  <testcase classname="com.java.listenersTest.ListenerTest" name="test11" time="0.030"/>
  <system-out/>
</testsuite> <!-- com.java.listenersTest.ListenerTest -->
